[0.116s] DEBUG:colcon:Command line arguments: ['/usr/bin/colcon', 'list', '-p', '--base-paths', '/home/ahmedmwafy/Project']
[0.117s] DEBUG:colcon:Parsed command line arguments: Namespace(log_base=None, log_level=None, verb_name='list', build_base='build', ignore_user_meta=False, metas=['./colcon.meta'], base_paths=['/home/ahmedmwafy/Project'], packages_ignore=None, packages_ignore_regex=None, paths=None, packages_up_to=None, packages_up_to_regex=None, packages_above=None, packages_above_and_dependencies=None, packages_above_depth=None, packages_select_by_dep=None, packages_skip_by_dep=None, packages_skip_up_to=None, packages_select_build_failed=False, packages_skip_build_finished=False, packages_select_test_failures=False, packages_skip_test_passed=False, packages_select=None, packages_skip=None, packages_select_regex=None, packages_skip_regex=None, packages_start=None, packages_end=None, allow_overriding=[], topological_order=False, names_only=False, paths_only=True, topological_graph=False, topological_graph_dot=False, topological_graph_density=False, topological_graph_legend=False, topological_graph_dot_cluster=False, topological_graph_dot_include_skipped=False, verb_parser=<colcon_defaults.argument_parser.defaults.DefaultArgumentsDecorator object at 0x7bff77e6c3d0>, verb_extension=<colcon_package_information.verb.list.ListVerb object at 0x7bff77e334f0>, main=<bound method ListVerb.main of <colcon_package_information.verb.list.ListVerb object at 0x7bff77e334f0>>)
[0.325s] Level 1:colcon.colcon_core.package_discovery:discover_packages(colcon_meta) check parameters
[0.325s] Level 1:colcon.colcon_core.package_discovery:discover_packages(recursive) check parameters
[0.325s] Level 1:colcon.colcon_core.package_discovery:discover_packages(ignore) check parameters
[0.325s] Level 1:colcon.colcon_core.package_discovery:discover_packages(path) check parameters
[0.325s] Level 1:colcon.colcon_core.package_discovery:discover_packages(recursive) discover
[0.325s] INFO:colcon.colcon_core.package_discovery:Crawling recursively for packages in '/home/ahmedmwafy/Project'
[0.325s] Level 1:colcon.colcon_core.package_identification:_identify(/home/ahmedmwafy/Project) by extensions ['ignore', 'ignore_ament_install']
[0.325s] Level 1:colcon.colcon_core.package_identification:_identify(/home/ahmedmwafy/Project) by extension 'ignore'
[0.325s] Level 1:colcon.colcon_core.package_identification:_identify(/home/ahmedmwafy/Project) by extension 'ignore_ament_install'
[0.325s] Level 1:colcon.colcon_core.package_identification:_identify(/home/ahmedmwafy/Project) by extensions ['colcon_pkg']
[0.325s] Level 1:colcon.colcon_core.package_identification:_identify(/home/ahmedmwafy/Project) by extension 'colcon_pkg'
[0.325s] Level 1:colcon.colcon_core.package_identification:_identify(/home/ahmedmwafy/Project) by extensions ['colcon_meta']
[0.325s] Level 1:colcon.colcon_core.package_identification:_identify(/home/ahmedmwafy/Project) by extension 'colcon_meta'
[0.325s] Level 1:colcon.colcon_core.package_identification:_identify(/home/ahmedmwafy/Project) by extensions ['ros']
[0.325s] Level 1:colcon.colcon_core.package_identification:_identify(/home/ahmedmwafy/Project) by extension 'ros'
[0.348s] Level 1:colcon.colcon_core.package_identification:_identify(/home/ahmedmwafy/Project) by extensions ['cmake', 'python']
[0.348s] Level 1:colcon.colcon_core.package_identification:_identify(/home/ahmedmwafy/Project) by extension 'cmake'
[0.348s] Level 1:colcon.colcon_core.package_identification:_identify(/home/ahmedmwafy/Project) by extension 'python'
[0.348s] Level 1:colcon.colcon_core.package_identification:_identify(/home/ahmedmwafy/Project) by extensions ['python_setup_py']
[0.348s] Level 1:colcon.colcon_core.package_identification:_identify(/home/ahmedmwafy/Project) by extension 'python_setup_py'
[0.348s] Level 1:colcon.colcon_core.package_identification:_identify(/home/ahmedmwafy/Project/build) by extensions ['ignore', 'ignore_ament_install']
[0.348s] Level 1:colcon.colcon_core.package_identification:_identify(/home/ahmedmwafy/Project/build) by extension 'ignore'
[0.349s] Level 1:colcon.colcon_core.package_identification:_identify(/home/ahmedmwafy/Project/build) ignored
[0.349s] Level 1:colcon.colcon_core.package_identification:_identify(/home/ahmedmwafy/Project/install) by extensions ['ignore', 'ignore_ament_install']
[0.349s] Level 1:colcon.colcon_core.package_identification:_identify(/home/ahmedmwafy/Project/install) by extension 'ignore'
[0.349s] Level 1:colcon.colcon_core.package_identification:_identify(/home/ahmedmwafy/Project/install) ignored
[0.349s] Level 1:colcon.colcon_core.package_identification:_identify(/home/ahmedmwafy/Project/log) by extensions ['ignore', 'ignore_ament_install']
[0.349s] Level 1:colcon.colcon_core.package_identification:_identify(/home/ahmedmwafy/Project/log) by extension 'ignore'
[0.350s] Level 1:colcon.colcon_core.package_identification:_identify(/home/ahmedmwafy/Project/log) ignored
[0.350s] Level 1:colcon.colcon_core.package_identification:_identify(/home/ahmedmwafy/Project/src) by extensions ['ignore', 'ignore_ament_install']
[0.350s] Level 1:colcon.colcon_core.package_identification:_identify(/home/ahmedmwafy/Project/src) by extension 'ignore'
[0.350s] Level 1:colcon.colcon_core.package_identification:_identify(/home/ahmedmwafy/Project/src) by extension 'ignore_ament_install'
[0.350s] Level 1:colcon.colcon_core.package_identification:_identify(/home/ahmedmwafy/Project/src) by extensions ['colcon_pkg']
[0.350s] Level 1:colcon.colcon_core.package_identification:_identify(/home/ahmedmwafy/Project/src) by extension 'colcon_pkg'
[0.350s] Level 1:colcon.colcon_core.package_identification:_identify(/home/ahmedmwafy/Project/src) by extensions ['colcon_meta']
[0.350s] Level 1:colcon.colcon_core.package_identification:_identify(/home/ahmedmwafy/Project/src) by extension 'colcon_meta'
[0.350s] Level 1:colcon.colcon_core.package_identification:_identify(/home/ahmedmwafy/Project/src) by extensions ['ros']
[0.350s] Level 1:colcon.colcon_core.package_identification:_identify(/home/ahmedmwafy/Project/src) by extension 'ros'
[0.351s] Level 1:colcon.colcon_core.package_identification:_identify(/home/ahmedmwafy/Project/src) by extensions ['cmake', 'python']
[0.351s] Level 1:colcon.colcon_core.package_identification:_identify(/home/ahmedmwafy/Project/src) by extension 'cmake'
[0.351s] Level 1:colcon.colcon_core.package_identification:_identify(/home/ahmedmwafy/Project/src) by extension 'python'
[0.351s] Level 1:colcon.colcon_core.package_identification:_identify(/home/ahmedmwafy/Project/src) by extensions ['python_setup_py']
[0.351s] Level 1:colcon.colcon_core.package_identification:_identify(/home/ahmedmwafy/Project/src) by extension 'python_setup_py'
[0.351s] Level 1:colcon.colcon_core.package_identification:_identify(/home/ahmedmwafy/Project/src/camera_reading) by extensions ['ignore', 'ignore_ament_install']
[0.351s] Level 1:colcon.colcon_core.package_identification:_identify(/home/ahmedmwafy/Project/src/camera_reading) by extension 'ignore'
[0.351s] Level 1:colcon.colcon_core.package_identification:_identify(/home/ahmedmwafy/Project/src/camera_reading) by extension 'ignore_ament_install'
[0.352s] Level 1:colcon.colcon_core.package_identification:_identify(/home/ahmedmwafy/Project/src/camera_reading) by extensions ['colcon_pkg']
[0.352s] Level 1:colcon.colcon_core.package_identification:_identify(/home/ahmedmwafy/Project/src/camera_reading) by extension 'colcon_pkg'
[0.352s] Level 1:colcon.colcon_core.package_identification:_identify(/home/ahmedmwafy/Project/src/camera_reading) by extensions ['colcon_meta']
[0.352s] Level 1:colcon.colcon_core.package_identification:_identify(/home/ahmedmwafy/Project/src/camera_reading) by extension 'colcon_meta'
[0.352s] Level 1:colcon.colcon_core.package_identification:_identify(/home/ahmedmwafy/Project/src/camera_reading) by extensions ['ros']
[0.352s] Level 1:colcon.colcon_core.package_identification:_identify(/home/ahmedmwafy/Project/src/camera_reading) by extension 'ros'
[0.357s] DEBUG:colcon.colcon_core.package_identification:Package '/home/ahmedmwafy/Project/src/camera_reading' with type 'ros.ament_python' and name 'camera_reading'
[0.357s] Level 1:colcon.colcon_core.package_discovery:discover_packages(recursive) using defaults
