[0.963s] Invoking command in '/home/ahmedmwafy/Project/src/camera_reading': PYTHONPATH=/home/ahmedmwafy/Project/build/camera_reading/prefix_override:/usr/lib/python3/dist-packages/colcon_core/task/python/colcon_distutils_commands:/home/ahmedmwafy/Project/install/camera_reading/lib/python3.10/site-packages:${PYTHONPATH} /usr/bin/python3 -W ignore:setup.py install is deprecated -W ignore:easy_install command is deprecated setup.py egg_info --egg-base ../../build/camera_reading build --build-base /home/ahmedmwafy/Project/build/camera_reading/build install --record /home/ahmedmwafy/Project/build/camera_reading/install.log --single-version-externally-managed install_data
[1.322s] running egg_info
[1.323s] writing ../../build/camera_reading/camera_reading.egg-info/PKG-INFO
[1.323s] writing dependency_links to ../../build/camera_reading/camera_reading.egg-info/dependency_links.txt
[1.324s] writing entry points to ../../build/camera_reading/camera_reading.egg-info/entry_points.txt
[1.324s] writing requirements to ../../build/camera_reading/camera_reading.egg-info/requires.txt
[1.324s] writing top-level names to ../../build/camera_reading/camera_reading.egg-info/top_level.txt
[1.326s] reading manifest file '../../build/camera_reading/camera_reading.egg-info/SOURCES.txt'
[1.326s] adding license file 'LICENSE'
[1.327s] writing manifest file '../../build/camera_reading/camera_reading.egg-info/SOURCES.txt'
[1.328s] running build
[1.328s] running build_py
[1.328s] copying camera_reading/read_camera.py -> /home/ahmedmwafy/Project/build/camera_reading/build/lib/camera_reading
[1.329s] running install
[1.329s] running install_lib
[1.330s] copying /home/ahmedmwafy/Project/build/camera_reading/build/lib/camera_reading/read_camera.py -> /home/ahmedmwafy/Project/install/camera_reading/lib/python3.10/site-packages/camera_reading
[1.332s] byte-compiling /home/ahmedmwafy/Project/install/camera_reading/lib/python3.10/site-packages/camera_reading/read_camera.py to read_camera.cpython-310.pyc
[1.333s] running install_data
[1.334s] running install_egg_info
[1.336s] removing '/home/ahmedmwafy/Project/install/camera_reading/lib/python3.10/site-packages/camera_reading-0.0.0-py3.10.egg-info' (and everything under it)
[1.336s] Copying ../../build/camera_reading/camera_reading.egg-info to /home/ahmedmwafy/Project/install/camera_reading/lib/python3.10/site-packages/camera_reading-0.0.0-py3.10.egg-info
[1.337s] running install_scripts
[1.373s] Installing read_camera script to /home/ahmedmwafy/Project/install/camera_reading/lib/camera_reading
[1.374s] writing list of installed files to '/home/ahmedmwafy/Project/build/camera_reading/install.log'
[1.424s] Invoked command in '/home/ahmedmwafy/Project/src/camera_reading' returned '0': PYTHONPATH=/home/ahmedmwafy/Project/build/camera_reading/prefix_override:/usr/lib/python3/dist-packages/colcon_core/task/python/colcon_distutils_commands:/home/ahmedmwafy/Project/install/camera_reading/lib/python3.10/site-packages:${PYTHONPATH} /usr/bin/python3 -W ignore:setup.py install is deprecated -W ignore:easy_install command is deprecated setup.py egg_info --egg-base ../../build/camera_reading build --build-base /home/ahmedmwafy/Project/build/camera_reading/build install --record /home/ahmedmwafy/Project/build/camera_reading/install.log --single-version-externally-managed install_data
