[0.555s] Invoking command in '/home/ahmedmwafy/Project/src/camera_reading': PYTHONPATH=/home/ahmedmwafy/Project/build/camera_reading/prefix_override:/usr/lib/python3/dist-packages/colcon_core/task/python/colcon_distutils_commands:/home/ahmedmwafy/Project/install/camera_reading/lib/python3.10/site-packages:${PYTHONPATH} /usr/bin/python3 -W ignore:setup.py install is deprecated -W ignore:easy_install command is deprecated setup.py egg_info --egg-base ../../build/camera_reading build --build-base /home/ahmedmwafy/Project/build/camera_reading/build install --record /home/ahmedmwafy/Project/build/camera_reading/install.log --single-version-externally-managed install_data
[0.789s] running egg_info
[0.790s] creating ../../build/camera_reading/camera_reading.egg-info
[0.790s] writing ../../build/camera_reading/camera_reading.egg-info/PKG-INFO
[0.790s] writing dependency_links to ../../build/camera_reading/camera_reading.egg-info/dependency_links.txt
[0.790s] writing entry points to ../../build/camera_reading/camera_reading.egg-info/entry_points.txt
[0.790s] writing requirements to ../../build/camera_reading/camera_reading.egg-info/requires.txt
[0.790s] writing top-level names to ../../build/camera_reading/camera_reading.egg-info/top_level.txt
[0.790s] writing manifest file '../../build/camera_reading/camera_reading.egg-info/SOURCES.txt'
[0.791s] reading manifest file '../../build/camera_reading/camera_reading.egg-info/SOURCES.txt'
[0.791s] adding license file 'LICENSE'
[0.792s] writing manifest file '../../build/camera_reading/camera_reading.egg-info/SOURCES.txt'
[0.792s] running build
[0.792s] running build_py
[0.792s] creating /home/ahmedmwafy/Project/build/camera_reading/build
[0.792s] creating /home/ahmedmwafy/Project/build/camera_reading/build/lib
[0.792s] creating /home/ahmedmwafy/Project/build/camera_reading/build/lib/camera_reading
[0.792s] copying camera_reading/__init__.py -> /home/ahmedmwafy/Project/build/camera_reading/build/lib/camera_reading
[0.792s] running install
[0.793s] running install_lib
[0.793s] creating /home/ahmedmwafy/Project/install/camera_reading/lib/python3.10/site-packages/camera_reading
[0.793s] copying /home/ahmedmwafy/Project/build/camera_reading/build/lib/camera_reading/__init__.py -> /home/ahmedmwafy/Project/install/camera_reading/lib/python3.10/site-packages/camera_reading
[0.793s] byte-compiling /home/ahmedmwafy/Project/install/camera_reading/lib/python3.10/site-packages/camera_reading/__init__.py to __init__.cpython-310.pyc
[0.793s] running install_data
[0.794s] creating /home/ahmedmwafy/Project/install/camera_reading/share/ament_index
[0.794s] creating /home/ahmedmwafy/Project/install/camera_reading/share/ament_index/resource_index
[0.794s] creating /home/ahmedmwafy/Project/install/camera_reading/share/ament_index/resource_index/packages
[0.794s] copying resource/camera_reading -> /home/ahmedmwafy/Project/install/camera_reading/share/ament_index/resource_index/packages
[0.794s] copying package.xml -> /home/ahmedmwafy/Project/install/camera_reading/share/camera_reading
[0.794s] running install_egg_info
[0.795s] Copying ../../build/camera_reading/camera_reading.egg-info to /home/ahmedmwafy/Project/install/camera_reading/lib/python3.10/site-packages/camera_reading-0.0.0-py3.10.egg-info
[0.796s] running install_scripts
[0.811s] writing list of installed files to '/home/ahmedmwafy/Project/build/camera_reading/install.log'
[0.826s] Invoked command in '/home/ahmedmwafy/Project/src/camera_reading' returned '0': PYTHONPATH=/home/ahmedmwafy/Project/build/camera_reading/prefix_override:/usr/lib/python3/dist-packages/colcon_core/task/python/colcon_distutils_commands:/home/ahmedmwafy/Project/install/camera_reading/lib/python3.10/site-packages:${PYTHONPATH} /usr/bin/python3 -W ignore:setup.py install is deprecated -W ignore:easy_install command is deprecated setup.py egg_info --egg-base ../../build/camera_reading build --build-base /home/ahmedmwafy/Project/build/camera_reading/build install --record /home/ahmedmwafy/Project/build/camera_reading/install.log --single-version-externally-managed install_data
