running egg_info
writing ../../build/camera_reading/camera_reading.egg-info/PKG-INFO
writing dependency_links to ../../build/camera_reading/camera_reading.egg-info/dependency_links.txt
writing entry points to ../../build/camera_reading/camera_reading.egg-info/entry_points.txt
writing requirements to ../../build/camera_reading/camera_reading.egg-info/requires.txt
writing top-level names to ../../build/camera_reading/camera_reading.egg-info/top_level.txt
reading manifest file '../../build/camera_reading/camera_reading.egg-info/SOURCES.txt'
adding license file 'LICENSE'
writing manifest file '../../build/camera_reading/camera_reading.egg-info/SOURCES.txt'
running build
running build_py
running install
running install_lib
running install_data
running install_egg_info
removing '/home/ahmedmwafy/Project/install/camera_reading/lib/python3.10/site-packages/camera_reading-0.0.0-py3.10.egg-info' (and everything under it)
Copying ../../build/camera_reading/camera_reading.egg-info to /home/ahmedmwafy/Project/install/camera_reading/lib/python3.10/site-packages/camera_reading-0.0.0-py3.10.egg-info
running install_scripts
Installing read_camera script to /home/ahmedmwafy/Project/install/camera_reading/lib/camera_reading
writing list of installed files to '/home/ahmedmwafy/Project/build/camera_reading/install.log'
